<?xml version="1.0" encoding="UTF-8"?>
<!-- Generated by org.testng.reporters.JUnitReportReporter -->
<testsuite hostname="MBP-Jenia-4.localdomain" failures="0" tests="2" name="qaclickacademy.SeleniumTest" time="0.000" errors="0" timestamp="20 апр. 2021 11:05:34 GMT" skipped="0">
  <testcase classname="qaclickacademy.SeleniumTest" name="elementsUi" time="0.000"/>
  <testcase classname="qaclickacademy.SeleniumTest" name="BrowserAUtomation" time="0.000"/>
</testsuite> <!-- qaclickacademy.SeleniumTest -->
