<?xml version="1.0" encoding="UTF-8"?>
<!-- Generated by org.testng.reporters.JUnitReportReporter -->
<testsuite hostname="MBP-Jenia-4.localdomain" failures="0" tests="2" name="qaclickacademy.AppiumTest" time="0.124" errors="0" timestamp="26 апр. 2021 06:37:20 GMT" skipped="0">
  <testcase classname="qaclickacademy.AppiumTest" name="NativeAPpAndroid" time="0.002"/>
  <testcase classname="qaclickacademy.AppiumTest" name="IOSApps" time="0.122"/>
</testsuite> <!-- qaclickacademy.AppiumTest -->
