<?xml version="1.0" encoding="UTF-8"?>
<!-- Generated by org.testng.reporters.JUnitReportReporter -->
<testsuite hostname="MBP-Jenia-4.localdomain" failures="0" tests="2" name="qaclickacademy.RESTAPITest" time="0.006" errors="0" timestamp="26 апр. 2021 06:37:20 GMT" skipped="0">
  <testcase classname="qaclickacademy.RESTAPITest" name="postJira" time="0.004"/>
  <testcase classname="qaclickacademy.RESTAPITest" name="deleteTwitter" time="0.002"/>
</testsuite> <!-- qaclickacademy.RESTAPITest -->
